<?xml version="1.0" encoding="UTF-8"?>
<!-- Generated by org.testng.reporters.JUnitXMLReporter -->
<testsuite hostname="DESKTOP-R408AKF" ignored="6" name="Group Test cases" tests="2" failures="1" timestamp="06 Jan 2020 11:45:22 GMT" time="0.064" errors="0">
  <testcase name="nag_Carloan" time="0.017" classname="com.wow.Carloan">
    <failure type="java.lang.AssertionError" message="expected [true] but found [false]">
      <![CDATA[java.lang.AssertionError: expected [true] but found [false]
at com.wow.Carloan.nag_Carloan(Carloan.java:27)
... Removed 29 stack frames]]>
    </failure>
  </testcase> <!-- nag_Carloan -->
  <testcase name="Mobile_Loan_nag" time="0.002" classname="com.wow.Mobileloan"/>
  <testcase name="fish" time="0.0" classname="com.wow.Day">
    <ignored/>
  </testcase> <!-- fish -->
  <testcase name="Mobile_Loan_ram" time="0.0" classname="com.wow.Mobileloan">
    <ignored/>
  </testcase> <!-- Mobile_Loan_ram -->
  <testcase name="Loan_naga" time="0.0" classname="com.wow.Mobileloan">
    <ignored/>
  </testcase> <!-- Loan_naga -->
  <testcase name="sam_Carloan" time="0.0" classname="com.wow.Carloan">
    <ignored/>
  </testcase> <!-- sam_Carloan -->
  <testcase name="santhosh_homeloan" time="0.0" classname="com.wow.HomeLoan">
    <ignored/>
  </testcase> <!-- santhosh_homeloan -->
  <testcase name="ram_homeloan" time="0.0" classname="com.wow.HomeLoan">
    <ignored/>
  </testcase> <!-- ram_homeloan -->
</testsuite> <!-- Group Test cases -->
